POST /api/persons 200 44 - 2.799 ms
POST /api/persons 200 25 - 0.394 ms
POST /api/persons 200 3.495 ms - 44 {"name":"Diego","number":"123123123"} - 50
POST /api/persons 200 3.758 ms - 44 {"name":"Diego","number":"123123123"} - 50
GET /api/persons 200 2.575 ms - 223 {} - -
[0mPOST /api/persons [32m200[0m 2.927 ms - 44[0m
POST /api/persons 200 2.258 ms - 44 {"name":"Diego","number":"123123123"} - 50
POST /api/persons 200 0.313 ms - 43 {"name":"dsdd","number":"123123123"} - 49
GET /notes 404 0.570 ms - 28 {} - -
GET /notes 404 0.218 ms - 28 {} - -
GET /notes 404 0.187 ms - 28 {} - -
GET /api/notes 404 0.198 ms - 28 {} - -
GET /api/notes 404 0.211 ms - 28 {} - -
GET /api/notes 404 0.188 ms - 28 {} - -
GET /api/notes 404 0.199 ms - 28 {} - -
GET / 200 2.253 ms - 18 {} - -
GET /api/persons 200 0.592 ms - 223 {} - -
GET /persons 404 0.788 ms - 28 {} - -
GET /api/persons 304 0.409 ms - - {} - -
GET /api/persons 304 0.228 ms - - {} - -
OPTIONS /api/persons 404 0.547 ms - 28 {} - -
GET /api/persons 200 2.500 ms - 223 {} - -
GET /api/persons 200 0.360 ms - 223 {} - -
DELETE /api/persons/1 204 0.467 ms - - {} - -
GET /api/persons 200 0.383 ms - 171 {} - -
GET /api/persons 200 0.304 ms - 171 {} - -
DELETE /api/persons/2 204 0.168 ms - - {} - -
GET /api/persons 200 0.300 ms - 115 {} - -
GET /api/persons 200 2.830 ms - 223 {} - -
GET /api/persons 200 0.433 ms - 223 {} - -
DELETE /api/persons/1 204 0.439 ms - - {} - -
GET /api/persons 200 2.962 ms - 223 {} - -
GET /api/persons 200 0.452 ms - 223 {} - -
DELETE /api/persons/1 204 0.455 ms - - {} - -
GET /api/persons 200 0.213 ms - 171 {} - -
GET /api/persons 200 0.218 ms - 171 {} - -
GET /api/persons 200 0.222 ms - 171 {} - -
DELETE /api/persons/2 204 0.185 ms - - {} - -
GET /api/persons 200 0.223 ms - 115 {} - -
GET /api/persons 200 0.199 ms - 115 {} - -
GET /api/persons 200 0.208 ms - 115 {} - -
GET /api/persons 200 0.314 ms - 115 {} - -
GET /api/persons 200 0.206 ms - 115 {} - -
DELETE /api/persons/3 204 0.069 ms - - {} - -
GET /api/persons 200 0.209 ms - 61 {} - -
GET /api/persons 200 0.242 ms - 61 {} - -
GET /api/persons 200 2.229 ms - 223 {} - -
POST /api/persons 400 0.635 ms - 34 {"name":"diego","phone":"123"} - 30
GET /api/persons 200 0.206 ms - 223 {} - -
POST /api/persons 400 0.266 ms - 34 {"name":"diego","phone":"123"} - 30
GET /api/persons 200 0.207 ms - 223 {} - -
POST /api/persons 400 0.215 ms - 34 {"name":"d","phone":"d"} - 24
GET /api/persons 200 0.238 ms - 223 {} - -
POST /api/persons 400 0.180 ms - 34 {"name":"D","phone":"D"} - 24
POST /api/persons 200 0.331 ms - 43 {"name":"dsdd","number":"123123123"} - 49
GET /api/persons 200 0.270 ms - 267 {} - -
GET /api/persons 200 0.220 ms - 267 {} - -
GET /api/persons 200 0.238 ms - 267 {} - -
POST /api/persons 400 0.190 ms - 34 {"name":"a","phone":"a"} - 24
POST /api/persons 400 0.190 ms - 34 {"name":"a","phone":"a"} - 24
POST /api/persons 400 0.175 ms - 34 {"name":"a","phone":"a"} - 24
GET /api/persons 304 0.471 ms - - {} - -
POST /api/persons 400 0.204 ms - 34 {"name":"asd","phone":"asd"} - 28
GET /api/persons 200 0.320 ms - 267 {} - -
POST /api/persons 200 0.236 ms - 36 {"name":"asd","number":"asd"} - 29
GET /api/persons 200 0.350 ms - 304 {} - -
DELETE /api/persons/6 204 0.286 ms - - {} - -
DELETE /api/persons/6 204 0.078 ms - - {} - -
GET /api/persons 200 0.224 ms - 267 {} - -
GET /api/persons 200 0.233 ms - 267 {} - -
DELETE /api/persons/5 204 0.085 ms - - {} - -
DELETE /api/persons/5 204 0.074 ms - - {} - -
GET /api/persons 200 0.186 ms - 223 {} - -
GET /api/persons 200 0.181 ms - 223 {} - -
GET /api/persons 200 0.215 ms - 223 {} - -
POST /api/persons 200 0.280 ms - 36 {"name":"asd","number":"asd"} - 29
GET /api/persons 200 0.202 ms - 260 {} - -
DELETE /api/persons/5 204 0.068 ms - - {} - -
GET /api/persons 200 0.220 ms - 223 {} - -
GET /api/persons 200 0.189 ms - 223 {} - -
GET /api/persons 200 0.206 ms - 223 {} - -
POST /api/persons 200 0.205 ms - 36 {"name":"asd","number":"asd"} - 29
DELETE /api/persons/5 204 0.077 ms - - {} - -
GET /api/persons 200 0.407 ms - 223 {} - -
GET /api/persons 200 0.192 ms - 223 {} - -
GET /api/persons 200 0.269 ms - 223 {} - -
GET /api/persons 200 0.186 ms - 223 {} - -
POST /api/persons 200 0.208 ms - 36 {"name":"asd","number":"asd"} - 29
GET /api/persons 200 0.196 ms - 260 {} - -
DELETE /api/persons/5 204 0.062 ms - - {} - -
GET /api/persons 200 0.183 ms - 223 {} - -
GET /api/persons 200 0.177 ms - 223 {} - -
GET /api/persons 200 0.180 ms - 223 {} - -
POST /api/persons 200 0.201 ms - 36 {"name":"asd","number":"add"} - 29
GET /api/persons 200 0.194 ms - 260 {} - -
DELETE /api/persons/5 204 0.063 ms - - {} - -
GET /api/persons 200 0.179 ms - 223 {} - -
GET /api/persons 200 0.235 ms - 223 {} - -
POST /api/persons 200 0.203 ms - 36 {"name":"asd","number":"asd"} - 29
GET /api/persons 200 0.216 ms - 260 {} - -
DELETE /api/persons/5 204 0.066 ms - - {} - -
GET /api/persons 200 0.180 ms - 223 {} - -
DELETE /api/persons/4 204 0.078 ms - - {} - -
GET /api/persons 200 0.174 ms - 163 {} - -
DELETE /api/persons/3 204 0.087 ms - - {} - -
GET /api/persons 200 0.186 ms - 109 {} - -
POST /api/persons 200 0.209 ms - 42 {"name":"zxczxc","number":"zxczxc"} - 35
DELETE /api/persons/3 204 0.077 ms - - {} - -
GET /api/persons 200 0.165 ms - 109 {} - -
GET /api/persons 200 0.193 ms - 109 {} - -
GET /api/persons 200 0.220 ms - 109 {} - -
DELETE /api/persons/2 204 0.083 ms - - {} - -
GET /api/persons 200 0.171 ms - 53 {} - -
POST /api/persons 200 0.212 ms - 37 {"name":"sadf","number":"sdf"} - 30
POST /api/persons 200 0.213 ms - 38 {"name":"dfdf","number":"dfdf"} - 31
DELETE /api/persons/3 204 0.183 ms - - {} - -
GET /api/persons 200 0.333 ms - 91 {} - -
GET /api/persons 200 0.262 ms - 91 {} - -
GET /api/persons 200 0.175 ms - 91 {} - -
GET /api/persons 200 0.192 ms - 91 {} - -
GET /api/persons 200 0.203 ms - 91 {} - -
GET /api/persons 200 0.209 ms - 91 {} - -
GET /api/persons 200 2.171 ms - 223 {} - -
GET /api/persons 200 0.358 ms - 223 {} - -
DELETE /api/persons/4 204 0.462 ms - - {} - -
DELETE /api/persons/4 204 0.160 ms - - {} - -
GET /api/persons 200 0.281 ms - 163 {} - -
GET /api/persons 200 0.318 ms - 163 {} - -
DELETE /api/persons/3 204 0.105 ms - - {} - -
GET /api/persons 200 0.394 ms - 109 {} - -
POST /api/persons 200 0.321 ms - 36 {"name":"asd","number":"asd"} - 29
GET /api/persons 200 0.235 ms - 146 {} - -
DELETE /api/persons/3 204 0.075 ms - - {} - -
GET /api/persons 200 0.211 ms - 109 {} - -
DELETE /api/persons/3 204 0.076 ms - - {} - -
GET /api/persons 200 0.236 ms - 109 {} - -
POST /api/persons 200 0.217 ms - 36 {"name":"asd","number":"asd"} - 29
GET /api/persons 200 0.240 ms - 146 {} - -
DELETE /api/persons/3 204 0.072 ms - - {} - -
GET /api/persons 200 0.238 ms - 109 {} - -
GET /api/persons 200 0.216 ms - 109 {} - -
DELETE /api/persons/2 204 0.061 ms - - {} - -
DELETE /api/persons/2 204 0.077 ms - - {} - -
GET /api/persons 200 0.196 ms - 53 {} - -
GET /api/persons 200 0.241 ms - 53 {} - -
GET /api/persons 200 2.232 ms - 223 {} - -
GET /api/persons 200 0.409 ms - 223 {} - -
DELETE /api/persons/4 204 0.682 ms - - {} - -
GET /api/persons 200 0.416 ms - 163 {} - -
DELETE /api/persons/4 204 0.182 ms - - {} - -
POST /api/persons 200 0.360 ms - 36 {"name":"zxc","number":"zxc"} - 29
DELETE /api/persons/4 204 0.099 ms - - {} - -
GET /api/persons 200 0.210 ms - 163 {} - -
GET /api/persons 200 0.306 ms - 163 {} - -
POST /api/persons 200 0.213 ms - 36 {"name":"zxc","number":"zxc"} - 29
DELETE /api/persons/4 204 0.104 ms - - {} - -
GET /api/persons 200 0.195 ms - 163 {} - -
GET /api/persons 200 0.195 ms - 163 {} - -
GET /api/persons 200 0.220 ms - 163 {} - -
DELETE /api/persons/3 204 0.077 ms - - {} - -
GET /api/persons 200 0.219 ms - 109 {} - -
DELETE /api/persons/2 204 0.087 ms - - {} - -
GET /api/persons 200 0.584 ms - 53 {} - -
GET /api/persons 200 0.263 ms - 53 {} - -
GET /api/persons 200 2.073 ms - 223 {} - -
POST /api/persons 200 0.827 ms - 38 {"name":"Diego","number":"123"} - 31
GET /api/persons 200 0.362 ms - 262 {} - -
PUT /api/persons/5 404 0.386 ms - 28 {"name":"Diego","number":"123"} - 31
GET /api/persons 200 0.209 ms - 262 {} - -
POST /api/persons 200 0.227 ms - 39 {"name":"marta","number":"1234"} - 32
GET /api/persons 200 0.305 ms - 302 {} - -
GET /api/persons 200 0.251 ms - 302 {} - -
DELETE /api/persons/6 204 0.885 ms - - {} - -
GET /api/persons 200 0.244 ms - 262 {} - -
GET /api/persons 200 0.214 ms - 262 {} - -
GET /api/persons 200 0.308 ms - 262 {} - -
DELETE /api/persons/5 204 0.112 ms - - {} - -
GET /api/persons 200 0.243 ms - 223 {} - -
GET /api/persons 200 0.211 ms - 223 {} - -
GET /api/persons 200 0.511 ms - 223 {} - -
DELETE /api/persons/4 204 0.068 ms - - {} - -
GET /api/persons 200 0.233 ms - 163 {} - -
GET /api/persons 200 0.214 ms - 163 {} - -
GET /api/persons 200 0.258 ms - 163 {} - -
GET /api/persons 200 0.257 ms - 163 {} - -
GET /api/persons 200 0.212 ms - 163 {} - -
GET /api/persons 200 0.232 ms - 163 {} - -
GET /api/persons 200 0.236 ms - 163 {} - -
GET /api/persons 200 0.223 ms - 163 {} - -
DELETE /api/persons/2 204 0.090 ms - - {} - -
GET /api/persons 200 0.455 ms - 107 {} - -
GET /api/persons 304 0.361 ms - - {} - -
DELETE /api/persons/3 204 0.169 ms - - {} - -
GET /api/persons 200 0.214 ms - 53 {} - -
DELETE /api/persons/1 204 0.077 ms - - {} - -
GET /api/persons 200 0.205 ms - 2 {} - -
GET /api/persons 200 3.585 ms - 223 {} - -
POST /api/persons 200 0.626 ms - 36 {"name":"asd","number":"asd"} - 29
DELETE /api/persons/5 204 0.500 ms - - {} - -
GET /api/persons 200 0.301 ms - 223 {} - -
DELETE /api/persons/4 204 0.089 ms - - {} - -
GET /api/persons 200 0.299 ms - 163 {} - -
GET /api/persons 304 0.333 ms - - {} - -
GET /api/persons 304 0.227 ms - - {} - -
GET /api/persons 200 3.064 ms - 223 {} - -
POST /api/persons 200 0.590 ms - 32 {"name":"f","number":"f"} - 25
DELETE /api/persons/5 204 0.546 ms - - {} - -
GET /api/persons 200 0.354 ms - 223 {} - -
GET /api/persons 304 0.411 ms - - {} - -
DELETE /api/persons/4 204 0.116 ms - - {} - -
GET /api/persons 200 0.249 ms - 163 {} - -
GET /api/persons 200 0.206 ms - 163 {} - -
GET /api/persons 200 0.208 ms - 163 {} - -
DELETE /api/persons/3 204 0.087 ms - - {} - -
GET /api/persons 200 0.211 ms - 109 {} - -
GET /api/persons 200 0.207 ms - 109 {} - -
GET /api/persons 200 0.201 ms - 109 {} - -
GET /api/persons 200 0.220 ms - 109 {} - -
POST /api/persons 200 0.231 ms - 36 {"name":"asd","number":"asd"} - 29
DELETE /api/persons/3 204 0.083 ms - - {} - -
GET /api/persons 200 0.294 ms - 109 {} - -
DELETE /api/persons/2 204 0.085 ms - - {} - -
GET /api/persons 200 0.323 ms - 53 {} - -
GET /api/persons 200 2.136 ms - 223 {} - -
DELETE /api/persons/4 204 0.561 ms - - {} - -
GET /api/persons 200 0.256 ms - 163 {} - -
POST /api/persons 200 0.444 ms - 36 {"name":"asd","number":"asd"} - 29
DELETE /api/persons/4 204 0.087 ms - - {} - -
GET /api/persons 200 0.421 ms - 163 {} - -
GET /api/persons 200 2.734 ms - 223 {} - -
GET /api/persons 200 0.573 ms - 223 {} - -
DELETE /api/persons/4 204 0.770 ms - - {} - -
GET /api/persons 200 0.267 ms - 163 {} - -
GET /api/persons 200 0.361 ms - 163 {} - -
DELETE /api/persons/3 204 0.240 ms - - {} - -
GET /api/persons 200 0.318 ms - 109 {} - -
POST /api/persons 200 0.315 ms - 36 {"name":"asd","number":"asd"} - 29
POST /api/persons 400 0.226 ms - 34 {"name":"","number":""} - 23
POST /api/persons 400 0.220 ms - 34 {"name":"","number":""} - 23
GET /api/persons 200 0.320 ms - 146 {} - -
DELETE /api/persons/3 204 1.590 ms - - {} - -
GET /api/persons 200 0.235 ms - 109 {} - -
POST /api/persons 400 0.200 ms - 34 {"name":"","number":""} - 23
GET /api/persons 200 0.219 ms - 109 {} - -
GET /api/persons 200 0.202 ms - 109 {} - -
GET /api/persons 200 0.584 ms - 109 {} - -
GET /api/persons 200 0.199 ms - 109 {} - -
GET /api/persons 200 0.198 ms - 109 {} - -
GET /api/persons 200 0.606 ms - 109 {} - -
POST /api/persons 200 0.244 ms - 34 {"name":"asd","number":"d"} - 27
GET /api/persons 200 0.366 ms - 144 {} - -
DELETE /api/persons/3 204 0.090 ms - - {} - -
GET /api/persons 200 0.282 ms - 109 {} - -
POST /api/persons 200 0.225 ms - 37 {"name":"asd","number":"2222"} - 30
GET /api/persons 200 0.299 ms - 147 {} - -
DELETE /api/persons/3 204 0.071 ms - - {} - -
GET /api/persons 200 0.212 ms - 109 {} - -
DELETE /api/persons/2 204 0.067 ms - - {} - -
GET /api/persons 200 0.440 ms - 53 {} - -
DELETE /api/persons/1 204 0.071 ms - - {} - -
GET /api/persons 200 0.243 ms - 2 {} - -
POST /api/persons 400 0.177 ms - 34 {"name":"","number":""} - 23
GET /api/persons 200 0.198 ms - 2 {} - -
POST /api/persons 400 0.177 ms - 34 {"name":"","number":""} - 23
GET /api/persons 200 0.191 ms - 2 {} - -
GET /api/persons 200 0.200 ms - 2 {} - -
POST /api/persons 400 0.190 ms - 34 {"name":"","number":""} - 23
GET /api/persons 200 0.185 ms - 2 {} - -
GET /api/persons 200 2.410 ms - 223 {} - -
POST /api/persons 200 0.548 ms - 41 {"name":"diego","number":"123456"} - 34
GET /api/persons 200 0.317 ms - 265 {} - -
DELETE /api/persons/3 204 0.426 ms - - {} - -
GET /api/persons 200 0.220 ms - 211 {} - -
DELETE /api/persons/3 204 0.090 ms - - {} - -
GET /api/persons 200 0.567 ms - 211 {} - -
DELETE /api/persons/4 204 0.082 ms - - {} - -
DELETE /api/persons/4 204 0.091 ms - - {} - -
GET /api/persons 200 0.194 ms - 151 {} - -
GET /api/persons 200 0.257 ms - 151 {} - -
GET /api/persons 200 0.256 ms - 151 {} - -
DELETE /api/persons/5 204 0.070 ms - - {} - -
GET /api/persons 200 0.242 ms - 109 {} - -
GET /api/persons 200 0.381 ms - 109 {} - -
DELETE /api/persons/2 204 0.113 ms - - {} - -
GET /api/persons 200 0.225 ms - 53 {} - -
DELETE /api/persons/1 204 0.074 ms - - {} - -
GET /api/persons 200 0.221 ms - 2 {} - -
POST /api/persons 200 0.209 ms - 35 {"name":"di","number":"asd"} - 28
POST /api/persons 200 0.227 ms - 35 {"name":"asd","number":"ds"} - 28
GET /api/persons 200 0.274 ms - 73 {} - -
GET /api/persons 200 0.286 ms - 73 {} - -
DELETE /api/persons/2 204 0.070 ms - - {} - -
GET /api/persons 200 0.261 ms - 37 {} - -
DELETE /api/persons/1 204 0.071 ms - - {} - -
GET /api/persons 200 0.211 ms - 2 {} - -
GET /api/persons 200 0.227 ms - 2 {} - -
POST /api/persons 200 0.204 ms - 34 {"name":"asd","number":"a"} - 27
POST /api/persons 200 0.200 ms - 34 {"name":"dds","number":"d"} - 27
POST /api/persons 200 0.248 ms - 37 {"name":"asddds","number":"s"} - 30
DELETE /api/persons/3 204 0.215 ms - - {} - -
GET /api/persons 200 0.208 ms - 71 {} - -
GET /api/persons 200 0.255 ms - 71 {} - -
DELETE /api/persons/2 204 0.077 ms - - {} - -
GET /api/persons 200 0.223 ms - 36 {} - -
GET /api/persons 200 0.216 ms - 36 {} - -
GET /api/persons 200 0.546 ms - 36 {} - -
POST /api/persons 200 0.215 ms - 38 {"name":"diego","number":"123"} - 31
POST /api/persons 200 0.216 ms - 41 {"name":"marta","number":"123123"} - 34
GET /api/persons 200 0.212 ms - 117 {} - -
DELETE /api/persons/1 204 0.104 ms - - {} - -
DELETE /api/persons/2 204 0.086 ms - - {} - -
GET /api/persons 200 0.254 ms - 43 {} - -
GET /api/persons 200 0.220 ms - 43 {} - -
GET /api/persons 200 0.192 ms - 43 {} - -
GET /api/persons 200 0.217 ms - 43 {} - -
POST /api/persons 200 0.207 ms - 34 {"name":"asd","number":"1"} - 27
POST /api/persons 200 0.210 ms - 36 {"name":"diego","number":"1"} - 29
DELETE /api/persons/3 204 0.092 ms - - {} - -
GET /api/persons 200 0.189 ms - 73 {} - -
GET /api/persons 200 0.182 ms - 73 {} - -
PUT /api/persons/5 404 0.265 ms - 28 {"name":"diego","number":"123123"} - 34
GET /api/persons 200 0.152 ms - 73 {} - -
GET /api/persons 200 0.361 ms - 73 {} - -
POST /api/persons 200 0.208 ms - 32 {"name":"d","number":"2"} - 25
GET /api/persons 200 0.188 ms - 106 {} - -
DELETE /api/persons/4 204 0.647 ms - - {} - -
GET /api/persons 200 0.190 ms - 71 {} - -
GET /api/persons 200 0.220 ms - 71 {} - -
PUT /api/persons/5 404 0.179 ms - 28 {"name":"diego","number":"123123"} - 34
GET /api/persons 200 0.146 ms - 71 {} - -
GET /api/persons 200 0.272 ms - 71 {} - -
GET /api/persons 200 0.186 ms - 71 {} - -
PUT /api/persons/5 404 0.178 ms - 28 {"name":"diego","number":"123123"} - 34
GET /api/persons 200 0.150 ms - 71 {} - -
GET /api/persons 200 0.185 ms - 71 {} - -
GET /api/persons 200 0.338 ms - 71 {} - -
GET /api/persons 200 0.298 ms - 71 {} - -
PUT /api/persons/5 404 0.132 ms - 28 {"name":"diego","number":"123123"} - 34
GET /api/persons 200 0.191 ms - 71 {} - -
PUT /api/persons/5 404 0.188 ms - 28 {"name":"diego","number":"123"} - 31
GET /api/persons 200 0.147 ms - 71 {} - -
GET /api/persons 200 0.313 ms - 71 {} - -
PUT /api/persons/6 404 0.171 ms - 28 {"name":"d","number":"23"} - 26
GET /api/persons 200 0.158 ms - 71 {} - -
GET /api/persons 200 0.173 ms - 71 {} - -
GET /api/persons 200 0.258 ms - 71 {} - -
PUT /api/persons/5 404 0.173 ms - 28 {"name":"diego","number":"123"} - 31
GET /api/persons 200 0.148 ms - 71 {} - -
GET /api/persons 200 0.180 ms - 71 {} - -
GET /api/persons 200 0.190 ms - 71 {} - -
PUT /api/persons/6 404 0.176 ms - 28 {"name":"d","number":"dd"} - 26
GET /api/persons 200 0.152 ms - 71 {} - -
GET /api/persons 200 0.208 ms - 71 {} - -
POST /api/persons 200 0.189 ms - 32 {"name":"1","number":"1"} - 25
POST /api/persons 200 0.203 ms - 32 {"name":"2","number":"2"} - 25
GET /api/persons 200 0.249 ms - 137 {} - -
PUT /api/persons/5 404 0.149 ms - 28 {"name":"diego","number":"11"} - 30
DELETE /api/persons/8 204 0.078 ms - - {} - -
GET /api/persons 200 0.196 ms - 104 {} - -
DELETE /api/persons/7 204 0.085 ms - - {} - -
GET /api/persons 200 0.189 ms - 71 {} - -
DELETE /api/persons/6 204 0.067 ms - - {} - -
GET /api/persons 200 0.181 ms - 38 {} - -
GET /api/persons 200 0.189 ms - 38 {} - -
GET /api/persons 200 0.196 ms - 38 {} - -
POST /api/persons 200 0.197 ms - 32 {"name":"1","number":"1"} - 25
POST /api/persons 200 0.202 ms - 32 {"name":"2","number":"2"} - 25
POST /api/persons 200 0.194 ms - 32 {"name":"3","number":"3"} - 25
POST /api/persons 200 0.187 ms - 32 {"name":"4","number":"4"} - 25
DELETE /api/persons/8 204 0.072 ms - - {} - -
GET /api/persons 200 0.200 ms - 137 {} - -
GET /favicon.ico 404 0.209 ms - 28 {} - -
GET /api/persons 200 0.173 ms - 137 {} - -
GET /api/persons 200 0.195 ms - 137 {} - -
DELETE /api/persons/7 204 0.075 ms - - {} - -
GET /api/persons 200 0.238 ms - 104 {} - -
DELETE /api/persons/9 204 0.066 ms - - {} - -
GET /api/persons 200 3.118 ms - 223 {} - -
DELETE /api/persons/4 204 0.488 ms - - {} - -
GET /api/persons 200 0.283 ms - 163 {} - -
GET /api/persons 200 0.229 ms - 163 {} - -
DELETE /api/persons/3 204 0.151 ms - - {} - -
GET /api/persons 200 0.228 ms - 109 {} - -
POST /api/persons 200 0.334 ms - 38 {"name":"diego","number":"123"} - 31
DELETE /api/persons/2 204 0.086 ms - - {} - -
GET /api/persons 200 0.216 ms - 92 {} - -
GET /api/persons 200 0.371 ms - 92 {} - -
DELETE /api/persons/1 204 0.091 ms - - {} - -
GET /api/persons 200 0.224 ms - 40 {} - -
GET /api/persons 200 0.214 ms - 40 {} - -
POST /api/persons 200 0.221 ms - 39 {"name":"lala","number":"lala1"} - 32
DELETE /api/persons/4 204 0.090 ms - - {} - -
GET /api/persons 200 0.214 ms - 40 {} - -
GET /api/persons 200 0.224 ms - 40 {} - -
GET /api/persons 200 0.244 ms - 40 {} - -
POST /api/persons 200 0.225 ms - 35 {"name":"dddd","number":"1"} - 28
POST /api/persons 200 0.223 ms - 37 {"name":"jhg","number":"8883"} - 30
DELETE /api/persons/5 204 0.110 ms - - {} - -
GET /api/persons 200 0.371 ms - 76 {} - -
GET /api/persons 200 0.333 ms - 76 {} - -
GET /api/persons 200 0.217 ms - 76 {} - -
POST /api/persons 200 0.227 ms - 40 {"name":"diiiiii","number":"123"} - 33
POST /api/persons 200 0.224 ms - 36 {"name":"34234","number":"q"} - 29
DELETE /api/persons/6 204 0.066 ms - - {} - -
GET /api/persons 200 0.214 ms - 117 {} - -
DELETE /api/persons/5 204 0.076 ms - - {} - -
GET /api/persons 200 0.353 ms - 76 {} - -
DELETE /api/persons/4 204 0.067 ms - - {} - -
GET /api/persons 200 0.182 ms - 40 {} - -
GET /api/persons 200 0.745 ms - 40 {} - -
POST /api/persons 200 0.211 ms - 35 {"name":"asd","number":"dd"} - 28
POST /api/persons 200 0.222 ms - 35 {"name":"fdfd","number":"1"} - 28
POST /api/persons 200 0.187 ms - 40 {"name":"2312SAS","number":"DSD"} - 33
DELETE /api/persons/6 204 0.076 ms - - {} - -
DELETE /api/persons/6 204 0.085 ms - - {} - -
DELETE /api/persons/6 204 0.089 ms - - {} - -
DELETE /api/persons/6 204 0.086 ms - - {} - -
DELETE /api/persons/6 204 0.088 ms - - {} - -
GET /api/persons 200 0.253 ms - 112 {} - -
GET /api/persons 200 0.200 ms - 112 {} - -
GET /api/persons 200 0.200 ms - 112 {} - -
GET /api/persons 200 0.368 ms - 112 {} - -
DELETE /api/persons/5 204 0.069 ms - - {} - -
GET /api/persons 200 0.190 ms - 76 {} - -
GET /api/persons 200 0.187 ms - 76 {} - -
GET /api/persons 200 0.290 ms - 76 {} - -
POST /api/persons 200 0.195 ms - 36 {"name":"fasd","number":"13"} - 29
POST /api/persons 400 0.188 ms - 34 {"name":"diedede","number":""} - 30
GET /api/persons 200 0.187 ms - 113 {} - -
GET /api/persons 200 0.191 ms - 113 {} - -
DELETE /api/persons/5 204 0.076 ms - - {} - -
GET /api/persons 200 0.231 ms - 76 {} - -
GET /api/persons 200 0.179 ms - 76 {} - -
GET /api/persons 200 0.275 ms - 76 {} - -
GET /api/persons 200 0.201 ms - 76 {} - -
DELETE /api/persons/4 204 0.067 ms - - {} - -
GET /api/persons 200 0.176 ms - 40 {} - -
GET /api/persons 200 0.220 ms - 40 {} - -
POST /api/persons 200 0.204 ms - 34 {"name":"asd","number":"d"} - 27
POST /api/persons 200 0.211 ms - 35 {"name":"fdd","number":"as"} - 28
POST /api/persons 200 0.216 ms - 36 {"name":"123as","number":"d"} - 29
GET /api/persons 200 0.193 ms - 148 {} - -
DELETE /api/persons/6 204 0.077 ms - - {} - -
GET /api/persons 200 0.184 ms - 111 {} - -
GET /api/persons 200 0.200 ms - 111 {} - -
GET /api/persons 200 0.184 ms - 111 {} - -
GET /api/persons 200 0.183 ms - 111 {} - -
GET /api/persons 200 0.207 ms - 111 {} - -
GET /api/persons 200 0.198 ms - 111 {} - -
GET /api/persons 200 0.195 ms - 111 {} - -
GET /api/persons 200 0.182 ms - 111 {} - -
GET /api/persons 200 0.179 ms - 111 {} - -
GET /api/persons 200 0.177 ms - 111 {} - -
GET /api/persons 200 0.215 ms - 111 {} - -
GET /api/persons 200 0.187 ms - 111 {} - -
GET /api/persons 200 0.306 ms - 111 {} - -
GET /api/persons 200 0.226 ms - 111 {} - -
GET /api/persons 200 0.186 ms - 111 {} - -
GET /api/persons 200 0.183 ms - 111 {} - -
GET /api/persons 200 0.203 ms - 111 {} - -
GET /api/persons 200 0.177 ms - 111 {} - -
GET /api/persons 200 0.743 ms - 111 {} - -
GET /api/persons 200 0.212 ms - 111 {} - -
GET /api/persons 200 0.187 ms - 111 {} - -
GET /api/persons 200 0.529 ms - 111 {} - -
GET /api/persons 200 0.194 ms - 111 {} - -
GET /api/persons 200 0.195 ms - 111 {} - -
GET /api/persons 200 0.300 ms - 111 {} - -
GET /api/persons 200 0.194 ms - 111 {} - -
GET /api/persons 200 0.326 ms - 111 {} - -
GET /api/persons 200 0.202 ms - 111 {} - -
GET /api/persons 200 0.195 ms - 111 {} - -
GET /api/persons 200 0.551 ms - 111 {} - -
GET /api/persons 200 0.194 ms - 111 {} - -
GET /api/persons 200 0.193 ms - 111 {} - -
GET /api/persons 200 0.179 ms - 111 {} - -
GET /api/persons 200 0.221 ms - 111 {} - -
GET /api/persons 200 0.179 ms - 111 {} - -
GET /api/persons 200 0.198 ms - 111 {} - -
GET /api/persons 200 0.182 ms - 111 {} - -
GET /api/persons 200 0.194 ms - 111 {} - -
GET /api/persons 200 0.190 ms - 111 {} - -
GET /api/persons 200 0.297 ms - 111 {} - -
GET /api/persons 200 0.181 ms - 111 {} - -
GET /api/persons 200 0.213 ms - 111 {} - -
GET /api/persons 200 0.218 ms - 111 {} - -
GET /api/persons 200 0.201 ms - 111 {} - -
GET /api/persons 200 0.204 ms - 111 {} - -
GET /api/persons 200 0.186 ms - 111 {} - -
GET /api/persons 200 0.207 ms - 111 {} - -
GET /api/persons 200 0.184 ms - 111 {} - -
GET /api/persons 200 0.190 ms - 111 {} - -
GET /api/persons 200 0.190 ms - 111 {} - -
GET /api/persons 200 2.703 ms - 223 {} - -
GET /api/persons 200 0.639 ms - 223 {} - -
GET /api/persons 200 0.673 ms - 223 {} - -
GET /api/persons 200 0.205 ms - 223 {} - -
GET /api/persons 200 0.227 ms - 223 {} - -
DELETE /api/persons/4 204 0.510 ms - - {} - -
GET /api/persons 200 0.264 ms - 163 {} - -
DELETE /api/persons/3 204 0.155 ms - - {} - -
POST /api/persons 200 0.308 ms - 37 {"name":"asd","number":"dsds"} - 30
POST /api/persons 200 0.220 ms - 42 {"name":"1231q3","number":"asdasd"} - 35
GET /api/persons 200 0.226 ms - 190 {} - -
DELETE /api/persons/4 204 0.081 ms - - {} - -
DELETE /api/persons/3 204 0.073 ms - - {} - -
GET /api/persons 200 0.826 ms - 109 {} - -
POST /api/persons 400 0.233 ms - 34 {"name":"","number":""} - 23
GET /api/persons 200 0.229 ms - 109 {} - -
GET /api/persons 200 0.214 ms - 109 {} - -
GET /api/persons 200 0.223 ms - 109 {} - -
GET /api/persons 200 0.191 ms - 109 {} - -
POST /api/persons 400 0.185 ms - 34 {"name":"","number":""} - 23
GET /api/persons 200 0.198 ms - 109 {} - -
GET /api/persons 200 0.221 ms - 109 {} - -
POST /api/persons 400 0.207 ms - 34 {"name":"","number":""} - 23
GET /api/persons 200 0.215 ms - 109 {} - -
GET /api/persons 200 0.257 ms - 109 {} - -
POST /api/persons 400 0.225 ms - 34 {"name":"","number":""} - 23
GET /api/persons 200 0.190 ms - 109 {} - -
POST /api/persons 200 0.210 ms - 38 {"name":"diego","number":"123"} - 31
GET /api/persons 200 0.200 ms - 148 {} - -
PUT /api/persons/3 404 0.232 ms - 28 {"name":"diego","number":"1234"} - 32
GET /api/persons 200 0.194 ms - 148 {} - -
PUT /api/persons/3 404 0.189 ms - 28 {"name":"diego","number":"1234"} - 32
GET /api/persons 200 0.252 ms - 148 {} - -
GET / 304 0.494 ms - - {} - -
GET /favicon.ico 404 0.213 ms - 28 {} - -
GET / 304 0.355 ms - - {} - -
GET /api/persons 200 0.210 ms - 148 {} - -
GET / 304 0.645 ms - - {} - -
GET /api/persons 304 0.246 ms - - {} - -
GET /api/persons 200 0.322 ms - 148 {} - -
PUT /api/persons/3 404 0.230 ms - 28 {"name":"diego","number":"123333"} - 34
GET /api/persons 200 0.225 ms - 148 {} - -
GET /api/persons 200 0.191 ms - 148 {} - -
GET /api/persons 200 0.202 ms - 148 {} - -
PUT /api/persons/3 404 0.160 ms - 28 {"name":"diego","number":"1233323"} - 35
GET /api/persons 200 0.218 ms - 148 {} - -
PUT /api/persons/3 404 0.183 ms - 28 {"name":"diego","number":"1233323"} - 35
GET /api/persons 200 0.152 ms - 148 {} - -
GET /api/persons 304 0.212 ms - - {} - -
GET /api/persons/3 200 0.324 ms - 38 {} - -
GET /api/persons/3 304 0.248 ms - - {} - -
GET /api/persons 200 0.180 ms - 148 {} - -
GET /api/persons 200 0.181 ms - 148 {} - -
PUT /api/persons/3 404 0.182 ms - 28 {"name":"diego","number":"123323123"} - 37
GET /api/persons/3 200 0.222 ms - 38 {} - -
GET /api/persons 200 0.192 ms - 148 {} - -
GET /api/persons 200 0.203 ms - 148 {} - -
PUT /api/persons/3 404 0.169 ms - 28 {"name":"diego","number":"1233231"} - 35
GET /api/persons 200 0.195 ms - 148 {} - -
GET /api/persons 200 0.182 ms - 148 {} - -
PUT /api/persons/3 404 0.166 ms - 28 {"name":"diego","number":"1233231"} - 35
PUT /api/persons 404 0.168 ms - 28 {"name":"diego","number":"diego"} - 46
GET /api/persons 200 0.191 ms - 148 {} - -
PUT /api/persons/3 404 0.177 ms - 28 {"name":"diego","number":"diego"} - 46
PUT /api/persons/3 404 0.198 ms - 28 {"name":"diego","number":"diego"} - 46
GET /api/persons 200 2.641 ms - 223 {} - -
POST /api/persons 200 0.599 ms - 38 {"name":"diego","number":"123"} - 31
POST /api/persons 400 0.349 ms - 34 {"name":"","number":""} - 23
GET /api/persons 200 0.320 ms - 262 {} - -
PUT /api/persons/5 200 0.522 ms - 37 {"name":"diego","number":"1234"} - 32
PUT /api/persons/3 500 2.547 ms - 1531 {"name":"diego","number":"diego"} - 46
GET /api/persons 200 2.314 ms - 223 {} - -
POST /api/persons 200 0.520 ms - 40 {"name":"diego","number":"diego"} - 33
PUT /api/persons/5 500 0.523 ms - 1531 {"name":"diego","number":"123"} - 31
GET /api/persons 200 2.459 ms - 223 {} - -
PUT /api/persons/3 200 0.661 ms - 33 {"name":"diego","number":"diego"} - 46
PUT /api/persons/3 200 0.343 ms - 34 {"name":"diego","number":"diego1"} - 47
GET /api/persons 200 0.254 ms - 223 {} - -
GET /api/persons 200 0.220 ms - 223 {} - -
POST /api/persons 200 0.411 ms - 38 {"name":"diego","number":"123"} - 31
GET /api/persons 200 0.268 ms - 262 {} - -
PUT /api/persons/5 200 0.193 ms - 32 {"name":"diego","number":"1234"} - 32
GET /api/persons 200 0.352 ms - 262 {} - -
PUT /api/persons/5 200 0.217 ms - 32 {"name":"diego","number":"1234"} - 32
GET /api/persons 200 0.267 ms - 262 {} - -
PUT /api/persons/5 200 0.226 ms - 29 {"name":"diego","number":"1"} - 29
GET /api/persons 200 0.196 ms - 262 {} - -
GET /api/persons 200 0.227 ms - 262 {} - -
PUT /api/persons/5 200 0.207 ms - 29 {"name":"diego","number":"1"} - 29
GET /api/persons 200 0.203 ms - 262 {} - -
PUT /api/persons/5 200 0.216 ms - 29 {"name":"diego","number":"1"} - 29
GET /api/persons 200 0.218 ms - 262 {} - -
PUT /api/persons/5 200 0.210 ms - 29 {"name":"diego","number":"1"} - 29
GET /api/persons 200 0.244 ms - 262 {} - -
GET /api/persons 200 0.287 ms - 262 {} - -
GET /api/persons 200 0.214 ms - 262 {} - -
PUT /api/persons/5 200 0.317 ms - 29 {"name":"diego","number":"1"} - 29
GET /api/persons 200 0.370 ms - 262 {} - -
PUT /api/persons/5 200 0.240 ms - 29 {"name":"diego","number":"1"} - 29
GET /api/persons 200 0.157 ms - 262 {} - -
GET /api/persons 200 0.199 ms - 262 {} - -
GET /api/persons 200 0.199 ms - 262 {} - -
GET /api/persons 200 0.188 ms - 262 {} - -
PUT /api/persons/5 200 0.167 ms - 29 {"name":"diego","number":"1"} - 29
GET /api/persons 200 0.192 ms - 262 {} - -
GET /api/persons 200 0.864 ms - 262 {} - -
PUT /api/persons/5 200 0.240 ms - 29 {"name":"diego","number":"1"} - 29
GET /api/persons 200 0.198 ms - 262 {} - -
GET /api/persons 200 2.758 ms - 223 {} - -
POST /api/persons 200 0.541 ms - 38 {"name":"diego","number":"123"} - 31
GET /api/persons 200 0.237 ms - 262 {} - -
PUT /api/persons/5 200 0.509 ms - 29 {"name":"diego","number":"1"} - 29
GET /api/persons 304 0.602 ms - - {} - -
GET /api/persons 200 0.311 ms - 262 {} - -
GET /api/persons 200 0.360 ms - 262 {} - -
DELETE /api/persons/5 204 0.286 ms - - {} - -
POST /api/persons 200 0.227 ms - 36 {"name":"diego","number":"1"} - 29
GET /api/persons 200 0.277 ms - 260 {} - -
PUT /api/persons/5 200 0.207 ms - 29 {"name":"diego","number":"2"} - 29
GET /api/persons 200 0.234 ms - 260 {} - -
GET /api/persons 200 0.470 ms - 260 {} - -
GET /api/persons 200 0.192 ms - 260 {} - -
PUT /api/persons/5 200 0.278 ms - 29 {"name":"diego","number":"2"} - 29
GET /api/persons 200 1.538 ms - 260 {} - -
GET /api/persons 200 0.233 ms - 260 {} - -
PUT /api/persons/5 200 0.312 ms - 29 {"name":"diego","number":"2"} - 29
GET /api/persons 200 2.444 ms - 223 {} - -
GET /api/persons 200 2.295 ms - 223 {} - -
POST /api/persons 200 0.637 ms - 36 {"name":"diego","number":"1"} - 29
GET /api/persons 200 0.274 ms - 260 {} - -
PUT /api/persons/5 200 2.396 ms - 29 {"name":"diego","number":"2"} - 29
PUT /api/persons/5 200 2.263 ms - 30 {"name":"diego","number":"12"} - 30
GET /api/persons 200 0.387 ms - 223 {} - -
POST /api/persons 200 1.887 ms - 38 {"name":"diego","number":"123"} - 31
GET /api/persons 200 0.482 ms - 262 {} - -
PUT /api/persons/5 200 1.567 ms - 29 {"name":"diego","number":"1"} - 29
GET /api/persons 200 0.229 ms - 262 {} - -
GET /api/persons 304 0.391 ms - - {} - -
GET /favicon.ico 404 0.388 ms - 28 {} - -
PUT /api/persons/5 200 2.615 ms - 29 {"name":"diego","number":"1"} - 29
GET /api/persons 200 0.530 ms - 223 {} - -
GET /api/persons 200 2.138 ms - 223 {} - -
POST /api/persons 200 0.520 ms - 36 {"name":"diego","number":"1"} - 29
GET /api/persons 200 0.302 ms - 260 {} - -
PUT /api/persons/5 200 2.522 ms - 29 {"name":"diego","number":"2"} - 29
GET /api/persons 200 2.472 ms - 223 {} - -
POST /api/persons 200 0.523 ms - 36 {"name":"diego","number":"1"} - 29
GET /api/persons 200 0.302 ms - 260 {} - -
PUT /api/persons/5 200 2.707 ms - 36 {"name":"diego","number":"2"} - 29
GET /api/persons 200 0.289 ms - 260 {} - -
GET /api/persons 200 2.304 ms - 223 {} - -
POST /api/persons 200 0.521 ms - 36 {"name":"diego","number":"1"} - 29
GET /api/persons 200 0.372 ms - 260 {} - -
PUT /api/persons/5 400 0.786 ms - 34 {"name":"diego","number":""} - 28
GET /api/persons 200 0.239 ms - 260 {} - -
GET /api/persons 200 0.230 ms - 260 {} - -
PUT /api/persons/5 200 0.519 ms - 37 {"name":"diego","number":"12"} - 30
GET /api/persons 200 0.210 ms - 261 {} - -
GET /api/persons 200 0.218 ms - 261 {} - -
PUT /api/persons/5 200 0.231 ms - 38 {"name":"diego","number":"123"} - 31
GET /api/persons 200 0.182 ms - 262 {} - -
GET /api/persons 200 0.222 ms - 262 {} - -
PUT /api/persons/4 200 0.232 ms - 49 {"name":"Mary Poppendieck","number":"123"} - 42
GET /api/persons 200 0.222 ms - 252 {} - -
GET /api/persons 200 0.220 ms - 252 {} - -
PUT /api/persons/3 200 0.183 ms - 46 {"name":"Dan Abramov","number":"11111"} - 39
GET /api/persons 200 0.212 ms - 245 {} - -
PUT /api/persons/5 200 0.856 ms - 36 {"name":"diego","number":"1"} - 29
GET /api/persons 200 0.279 ms - 243 {} - -
PUT /api/persons/5 200 0.204 ms - 38 {"name":"diego","number":"123"} - 31
GET /api/persons 200 0.306 ms - 245 {} - -
GET /api/persons 200 0.230 ms - 245 {} - -
PUT /api/persons/5 200 0.194 ms - 36 {"name":"diego","number":"1"} - 29
GET /api/persons 200 0.205 ms - 243 {} - -
GET /api/persons 200 0.192 ms - 243 {} - -
GET /api/persons 200 2.223 ms - 223 {} - -
POST /api/persons 200 0.521 ms - 38 {"name":"diego","number":"123"} - 31
PUT /api/persons/5 200 0.615 ms - 36 {"name":"diego","number":"1"} - 29
GET /api/persons 200 0.289 ms - 260 {} - -
PUT /api/persons/5 200 0.209 ms - 37 {"name":"diego","number":"12"} - 30
GET /api/persons 200 0.232 ms - 261 {} - -
PUT /api/persons/5 200 0.248 ms - 38 {"name":"diego","number":"123"} - 31
GET /api/persons 200 0.203 ms - 262 {} - -
GET /api/persons 200 0.225 ms - 262 {} - -
PUT /api/persons/5 200 0.213 ms - 36 {"name":"diego","number":"1"} - 29
GET /api/persons 200 0.226 ms - 260 {} - -
PUT /api/persons/5 200 0.225 ms - 37 {"name":"diego","number":"12"} - 30
GET /api/persons 200 0.228 ms - 261 {} - -
PUT /api/persons/5 200 0.196 ms - 36 {"name":"diego","number":"1"} - 29
GET /api/persons 200 0.215 ms - 260 {} - -
GET /api/persons 200 0.319 ms - 260 {} - -
PUT /api/persons/5 200 0.216 ms - 36 {"name":"diego","number":"2"} - 29
GET /api/persons 200 0.220 ms - 260 {} - -
PUT /api/persons/5 200 0.209 ms - 36 {"name":"diego","number":"1"} - 29
GET /api/persons 200 0.229 ms - 260 {} - -
PUT /api/persons/5 200 0.221 ms - 36 {"name":"diego","number":"2"} - 29
GET /api/persons 200 0.243 ms - 260 {} - -
PUT /api/persons/5 200 0.238 ms - 36 {"name":"diego","number":"1"} - 29
GET /api/persons 200 0.197 ms - 260 {} - -
PUT /api/persons/5 200 0.207 ms - 36 {"name":"diego","number":"2"} - 29
GET /api/persons 200 0.214 ms - 260 {} - -
PUT /api/persons/5 200 0.213 ms - 36 {"name":"diego","number":"1"} - 29
PUT /api/persons/5 200 0.211 ms - 36 {"name":"diego","number":"2"} - 29
GET /api/persons 200 0.191 ms - 260 {} - -
PUT /api/persons/5 200 0.219 ms - 36 {"name":"diego","number":"1"} - 29
DELETE /api/persons/5 204 0.315 ms - - {} - -
POST /api/persons 200 0.217 ms - 41 {"name":"diego","number":"123123"} - 34
PUT /api/persons/5 200 0.206 ms - 37 {"name":"diego","number":"12"} - 30
PUT /api/persons/5 400 0.217 ms - 34 {"name":"diego","number":""} - 28
GET /api/persons 200 0.192 ms - 261 {} - -
POST /api/persons 200 0.216 ms - 40 {"name":"diego2","number":"1233"} - 33
GET /api/persons 200 0.192 ms - 302 {} - -
POST /api/persons 400 0.204 ms - 34 {"name":"","number":""} - 23
GET /api/persons 200 0.182 ms - 302 {} - -
GET /api/persons 200 0.195 ms - 302 {} - -
GET /api/persons 200 0.228 ms - 302 {} - -
GET /api/persons 200 0.200 ms - 302 {} - -
GET /api/persons 200 0.183 ms - 302 {} - -
GET /api/persons 200 0.272 ms - 302 {} - -
GET /api/persons 200 0.201 ms - 302 {} - -
POST /api/persons 200 0.210 ms - 32 {"name":"d","number":"d"} - 25
PUT /api/persons/7 200 0.210 ms - 33 {"name":"d","number":"dd"} - 26
PUT /api/persons/5 200 0.241 ms - 38 {"name":"diego","number":"123"} - 31
PUT /api/persons/7 200 0.215 ms - 34 {"name":"d","number":"123"} - 27
DELETE /api/persons/6 204 0.074 ms - - {} - -
DELETE /api/persons/7 204 0.084 ms - - {} - -
DELETE /api/persons/5 204 0.072 ms - - {} - -
POST /api/persons 200 0.199 ms - 36 {"name":"diego","number":"1"} - 29
POST /api/persons 200 0.212 ms - 38 {"name":"marta","number":"123"} - 31
PUT /api/persons/5 200 0.205 ms - 36 {"name":"diego","number":"2"} - 29
GET /api/persons 200 0.188 ms - 299 {} - -
GET /api/persons 304 0.385 ms - - {} - -
DELETE /api/persons/6 204 0.069 ms - - {} - -
DELETE /api/persons/6 204 0.065 ms - - {} - -
GET /api/persons 200 0.191 ms - 260 {} - -
GET /api/persons 304 0.238 ms - - {} - -
DELETE /api/persons/5 204 0.069 ms - - {} - -
DELETE /api/persons/5 204 0.067 ms - - {} - -
GET /api/persons 200 0.206 ms - 223 {} - -
GET /api/persons 200 0.199 ms - 223 {} - -
DELETE /api/persons/4 204 0.096 ms - - {} - -
DELETE /api/persons/3 204 0.082 ms - - {} - -
GET /api/persons 200 0.192 ms - 109 {} - -
GET /api/persons 200 0.235 ms - 109 {} - -
POST /api/persons 200 0.224 ms - 38 {"name":"diego","number":"123"} - 31
POST /api/persons 200 0.252 ms - 39 {"name":"diego2","number":"123"} - 32
POST /api/persons 200 0.213 ms - 39 {"name":"diego3","number":"123"} - 32
GET /api/persons 200 0.233 ms - 228 {} - -
DELETE /api/persons/5 204 0.075 ms - - {} - -
DELETE /api/persons/5 204 0.080 ms - - {} - -
DELETE /api/persons/4 204 0.074 ms - - {} - -
DELETE /api/persons/4 204 0.079 ms - - {} - -
GET /api/persons 200 0.187 ms - 148 {} - -
GET /api/persons 200 0.246 ms - 148 {} - -
GET /api/persons 200 0.194 ms - 148 {} - -
POST /api/persons 200 0.226 ms - 39 {"name":"diego1","number":"123"} - 32
POST /api/persons 200 0.208 ms - 39 {"name":"diego2","number":"123"} - 32
GET /api/persons 200 0.190 ms - 228 {} - -
DELETE /api/persons/5 204 0.067 ms - - {} - -
DELETE /api/persons/5 204 0.082 ms - - {} - -
DELETE /api/persons/4 204 0.066 ms - - {} - -
DELETE /api/persons/4 204 0.071 ms - - {} - -
GET /api/persons 200 0.894 ms - 148 {} - -
GET /api/persons 200 0.206 ms - 148 {} - -
GET /api/persons 200 2.493 ms - 223 {} - -
GET /api/persons 200 0.381 ms - 223 {} - -
DELETE /api/persons/4 204 0.423 ms - - {} - -
DELETE /api/persons/4 204 0.322 ms - - {} - -
DELETE /api/persons/4 204 0.066 ms - - {} - -
DELETE /api/persons/4 204 0.127 ms - - {} - -
DELETE /api/persons/4 204 0.128 ms - - {} - -
GET /api/persons 200 0.276 ms - 163 {} - -
GET /api/persons 200 0.293 ms - 163 {} - -
DELETE /api/persons/3 204 0.080 ms - - {} - -
POST /api/persons 200 0.309 ms - 38 {"name":"diego","number":"123"} - 31
DELETE /api/persons/2 204 0.084 ms - - {} - -
GET /api/persons 200 2.175 ms - 223 {} - -
POST /api/persons 200 0.530 ms - 38 {"name":"diego","number":"123"} - 31
DELETE /api/persons/3 204 0.464 ms - - {} - -
DELETE /api/persons/5 204 0.102 ms - - {} - -
GET /api/persons 200 2.526 ms - 223 {} - -
GET /api/persons 304 0.625 ms - - {} - -
GET /api/notes 404 2.772 ms - 28 {} - -
GET /favicon.ico 404 0.341 ms - 28 {} - -
GET /api/persons 500 2.603 ms - 1521 {} - -
GET /api/persons 200 7.384 ms - - {} - -
GET /api/persons 200 12.027 ms - 2 {} - -
GET /api/persons 304 8.977 ms - - {} - -
GET /api/persons 304 9.769 ms - - {} - -
GET /api/persons 200 2.266 ms - 2 {} - -
PUT /api/persons/3 500 1.665 ms - 1507 {"name":"diego","number":"diego1"} - 47
GET /api/persons 304 9.309 ms - - {} - -
GET /api/persons 500 2.613 ms - 1517 {} - -
GET /api/persons - - ms - - {} - -
GET /api/persons 200 10.311 ms - 2 {} - -
GET /api/persons 304 2.687 ms - - {} - -
GET /api/persons 304 9.634 ms - - {} - -
GET /api/persons 200 10.841 ms - 2 {} - -
POST /api/persons 500 2.053 ms - 1470 {"name":"Diego","number":"123123123"} - 50
POST /api/persons 500 1.988 ms - 1523 {"name":"Diego","number":"123123123"} - 50
POST /api/persons 500 4.488 ms - 1523 {"name":"Diego","number":"123123123"} - 50
POST /api/persons 500 11.630 ms - 1521 {"name":"Diego","number":"123123123"} - 50
POST /api/persons 500 11.667 ms - 1521 {"name":"Diego","number":"123123123"} - 50
POST /api/persons 200 7.358 ms - 68 {"name":"Diego","number":"123123123"} - 50
POST /api/persons 200 1.057 ms - 68 {"name":"Diego","number":"123123123"} - 50
POST /api/persons 200 7.928 ms - 68 {"name":"Diego","number":"123123123"} - 50
POST /api/persons 200 0.931 ms - 68 {"name":"Diego","number":"123123123"} - 50
POST /api/persons 200 14.279 ms - 76 {"name":"Diego","number":"123123123"} - 50
GET /api/persons 200 17.118 ms - 155 {} - -
GET /api/persons 304 15.590 ms - - {} - -
GET /api/persons 200 4.438 ms - 153 {} - -
GET /api/persons 304 14.830 ms - - {} - -
GET /api/persons 304 16.682 ms - - {} - -
GET /api/persons 304 13.840 ms - - {} - -
GET /api/persons 304 3.239 ms - - {} - -
POST /api/persons 200 10.673 ms - 71 {"name":"Agatha","number":"777"} - 45
POST /api/persons 200 14.117 ms - 71 {"name":"Kaiden","number":"888"} - 45
POST /api/persons 200 3.615 ms - 69 {"name":"Mary","number":"111"} - 43
POST /api/persons 200 2.665 ms - 69 {"name":"Luis","number":"222"} - 43
GET /api/persons 200 12.518 ms - 437 {} - -
GET /api/persons 200 3.870 ms - 437 {} - -
POST /api/persons 400 1.297 ms - 34 {"number":"222"} - 27
POST /api/persons 400 0.482 ms - 34 {"name":"Luis"} - 22
GET /api/persons 200 58.288 ms - 437 {} - -
DELETE /api/persons/0 500 2.085 ms - 1507 {} - -
GET /api/persons 200 3.811 ms - 437 {} - -
POST /api/persons 200 10.252 ms - 72 {"name":"Charles","number":"777"} - 46
GET /api/persons 200 4.531 ms - 510 {} - -
DELETE /api/persons/4 500 0.473 ms - 1507 {} - -
POST /api/persons 200 2.288 ms - 73 {"name":"Diegoooo","number":"123"} - 34
GET /api/persons 200 4.153 ms - 584 {} - -
GET /api/persons 200 5.430 ms - 584 {} - -
GET /api/persons 200 5.323 ms - 584 {} - -
GET /api/persons 200 19.653 ms - 584 {} - -
GET /api/persons 200 6.250 ms - 584 {} - -
POST /api/persons 200 8.896 ms - 76 {"name":"Julien","number":"12388888"} - 37
GET /api/persons 200 5.019 ms - 661 {} - -
POST /api/persons 200 2.449 ms - 64 {"name":"d","number":"1"} - 25
POST /api/persons 200 2.339 ms - 64 {"name":"1","number":"1"} - 25
GET /api/persons 200 5.360 ms - 791 {} - -
POST /api/persons 200 2.429 ms - 67 {"name":"dsd","number":"12"} - 28
GET /api/persons 200 5.532 ms - 859 {} - -
POST /api/persons 200 2.354 ms - 67 {"name":"di","number":"123"} - 28
GET /api/notes/5c41c90e84d891c15dfa3431 404 0.573 ms - 28 {} - -
GET /favicon.ico 404 0.280 ms - 28 {} - -
GET /api/persons 200 23.760 ms - 927 {} - -
GET /api/persons 304 23.062 ms - - {} - -
DELETE /api/persons/0 500 4.365 ms - 1599 {} - -
GET /api/persons 304 6.738 ms - - {} - -
DELETE /api/persons/0 500 0.974 ms - 1599 {} - -
GET /api/persons 304 6.113 ms - - {} - -
DELETE /api/persons/0 500 17.574 ms - 1599 {} - -
DELETE /api/persons/0 500 15.074 ms - 1599 {} - -
POST /api/persons 200 16.086 ms - 76 {"name":"Charlestest","number":"777"} - 50
GET /api/persons 200 15.277 ms - 1004 {} - -
DELETE /api/persons/4 500 9.824 ms - 1599 {} - -
GET /api/persons 200 5.093 ms - 1004 {} - -
DELETE /api/persons/617919dba8647fcf61968ac5 204 8.942 ms - - {} - -
GET /api/persons 200 4.601 ms - 927 {} - -
DELETE /api/persons/6177d5916ecf80f24f000599 204 13.560 ms - - {} - -
GET /api/persons 200 4.027 ms - 859 {} - -
GET /api/persons 200 19.875 ms - 859 {} - -
POST /api/persons 200 8.949 ms - 80 {"name":"diegotest","number":"123333221"} - 41
DELETE /api/persons/0 500 13.791 ms - 1599 {} - -
GET /api/persons 200 7.194 ms - 940 {} - -
GET /api/persons 200 20.541 ms - 940 {} - -
DELETE /api/persons/0 500 6.197 ms - 1599 {} - -
DELETE /api/persons/0 500 8.063 ms - 1599 {} - -
GET /api/persons 200 25.971 ms - 940 {} - -
DELETE /api/persons/0 500 4.314 ms - 1599 {} - -
GET /api/persons 200 20.399 ms - 940 {} - -
DELETE /api/persons/0 500 4.817 ms - 1599 {} - -
GET /api/persons 200 5.176 ms - 940 {} - -
GET /api/persons 200 8.344 ms - 940 {} - -
GET /api/persons 200 7.724 ms - 940 {} - -
GET /api/persons 200 6.058 ms - 940 {} - -
GET /api/persons 200 15.909 ms - 940 {} - -
GET /api/persons 200 5.505 ms - 940 {} - -
GET /api/persons 200 6.081 ms - 940 {} - -
GET /api/persons 200 10.469 ms - 940 {} - -
DELETE /api/persons/NaN 500 1.316 ms - 1601 {} - -
GET /api/persons 200 5.943 ms - 940 {} - -
DELETE /api/persons/NaN 500 0.955 ms - 1601 {} - -
GET /api/persons 200 8.638 ms - 940 {} - -
GET /api/persons 200 11.233 ms - 940 {} - -
GET /api/persons 200 24.751 ms - 940 {} - -
DELETE /api/persons/NaN 500 3.934 ms - 1601 {} - -
GET /api/persons 200 6.832 ms - 940 {} - -
DELETE /api/persons/NaN 500 1.207 ms - 1601 {} - -
GET /api/persons 200 6.825 ms - 940 {} - -
GET /api/persons 200 7.247 ms - 940 {} - -
GET /api/persons 200 8.312 ms - 940 {} - -
GET /api/persons 200 6.632 ms - 940 {} - -
GET /api/persons 200 5.877 ms - 940 {} - -
GET /api/persons 200 4.322 ms - 940 {} - -
GET /api/persons 200 5.539 ms - 940 {} - -
GET /api/persons 200 13.893 ms - 940 {} - -
GET /api/persons 200 6.296 ms - 940 {} - -
DELETE /api/persons/6177d55e6ecf80f24f000593 500 1.047 ms - 1601 {} - -
GET /api/persons 200 5.741 ms - 940 {} - -
DELETE /api/persons/6177d55e6ecf80f24f000593 500 0.892 ms - 1601 {} - -
GET /api/persons 200 56.072 ms - 940 {} - -
GET /api/persons 200 5.390 ms - 940 {} - -
GET /api/persons 200 4.845 ms - 940 {} - -
GET /api/persons 200 7.288 ms - 940 {} - -
DELETE /api/persons/6177d55e6ecf80f24f000593 500 0.835 ms - 1601 {} - -
GET /api/persons 200 3.671 ms - 940 {} - -
DELETE /api/persons/6177d55e6ecf80f24f000593 500 1.185 ms - 1601 {} - -
GET /api/persons 200 5.937 ms - 940 {} - -
GET /api/persons 200 19.220 ms - 940 {} - -
GET /api/persons 200 23.725 ms - 823 {} - -
DELETE /api/persons/ 404 0.827 ms - 28 {} - -
GET /api/persons 200 5.725 ms - 823 {} - -
GET /api/persons 200 5.168 ms - 823 {} - -
DELETE /api/persons/ 404 0.309 ms - 28 {} - -
GET /api/persons 200 6.181 ms - 823 {} - -
DELETE /api/persons/ 404 0.205 ms - 28 {} - -
GET /api/persons 200 5.583 ms - 823 {} - -
GET /api/persons 200 19.843 ms - 823 {} - -
GET /api/persons 200 11.502 ms - 823 {} - -
DELETE /api/persons/6177d55e6ecf80f24f000593 500 5.001 ms - 1601 {} - -
GET /api/persons 200 5.863 ms - 823 {} - -
GET /api/persons 200 10.908 ms - 823 {} - -
DELETE /api/persons/61791a8d3f8d72b55d436479 500 1.201 ms - 1601 {} - -
GET /api/persons 200 32.748 ms - 823 {} - -
GET /api/persons 200 18.606 ms - 823 {} - -
DELETE /api/persons/61791a8d3f8d72b55d436479 500 0.909 ms - 1601 {} - -
DELETE /api/persons/61791a8d3f8d72b55d436479 500 0.923 ms - 1601 {} - -
GET /api/persons 200 20.723 ms - 823 {} - -
DELETE /api/persons/61791a8d3f8d72b55d436479 500 6.547 ms - 349 {} - -
DELETE /api/persons/61791a8d3f8d72b55d436479 500 7.121 ms - 1601 {} - -
GET /api/persons 200 23.277 ms - 751 {} - -
GET /api/persons 200 22.156 ms - 751 {} - -
DELETE /api/persons/6177d55e6ecf80f24f000593 500 4.006 ms - 1601 {} - -
GET /api/persons 200 6.513 ms - 751 {} - -
DELETE /api/persons/6177d5736ecf80f24f000596 500 1.556 ms - 1601 {} - -
GET /api/persons 200 5.402 ms - 751 {} - -
GET /api/persons 200 5.043 ms - 751 {} - -
DELETE /api/persons/6177d5736ecf80f24f000596 500 0.856 ms - 1601 {} - -
GET /api/persons 200 5.436 ms - 751 {} - -
DELETE /api/persons/6177d54b6ecf80f24f000591 500 1.664 ms - 1601 {} - -
GET /api/persons 200 24.248 ms - 751 {} - -
DELETE /api/persons/6177d5736ecf80f24f000596 500 20.666 ms - 349 {} - -
GET /api/persons 200 20.686 ms - 692 {} - -
DELETE /api/persons/6177d55e6ecf80f24f000593 500 22.185 ms - 349 {} - -
GET /api/persons 200 5.939 ms - 636 {} - -
DELETE /api/persons/6177d54b6ecf80f24f000591 500 11.128 ms - 349 {} - -
POST /api/persons 200 13.117 ms - 60 {"name":"borrar","number":"1"} - 30
DELETE /api/persons/617944d7636fa3d7334703fb 500 8.543 ms - 1529 {} - -
GET /api/persons 200 22.958 ms - 641 {} - -
DELETE /api/persons/617944d7636fa3d7334703fb 204 4.531 ms - - {} - -
GET /api/persons 200 5.449 ms - 580 {} - -
GET /api/persons 200 14.915 ms - 580 {} - -
POST /api/persons 200 8.872 ms - 60 {"name":"dddd","number":"123"} - 30
DELETE /api/persons/617945a7f6b8067034ac0dad 204 5.270 ms - - {} - -
GET /api/persons 200 4.071 ms - 580 {} - -
POST /api/persons 200 2.507 ms - 61 {"name":"ddasd","number":"123"} - 31
DELETE /api/persons/617945aff6b8067034ac0db1 204 2.055 ms - - {} - -
GET /api/persons 200 3.491 ms - 580 {} - -
GET /api/persons 200 2.961 ms - 580 {} - -
DELETE /api/persons/6177d461530dfb2e01919ecb 204 2.827 ms - - {} - -
GET /api/persons 200 4.079 ms - 515 {} - -
GET /api/persons 200 6.922 ms - 515 {} - -
DELETE /api/persons/6177d4d06ecf80f24f00058e 204 2.492 ms - - {} - -
GET /api/persons 200 5.111 ms - 447 {} - -
GET /api/persons 200 3.222 ms - 447 {} - -
DELETE /api/persons/617686160eb03d63bc0ce86b 204 1.971 ms - - {} - -
GET /api/persons 200 2.806 ms - 386 {} - -
GET /api/persons 200 3.283 ms - 386 {} - -
DELETE /api/persons/6176860e0eb03d63bc0ce869 204 1.982 ms - - {} - -
GET /api/persons 200 3.021 ms - 325 {} - -
POST /api/persons 200 2.636 ms - 60 {"name":"asdasd","number":"1"} - 30
DELETE /api/persons/61794646f6b8067034ac0dc1 204 1.880 ms - - {} - -
GET /api/persons 200 5.739 ms - 325 {} - -
GET /api/persons 200 4.050 ms - 325 {} - -
DELETE /api/persons/617680ece66fa439a8588cbb 204 2.178 ms - - {} - -
GET /api/persons 200 3.631 ms - 257 {} - -
GET /api/persons 200 4.514 ms - 257 {} - -
DELETE /api/persons/6177d407530dfb2e01919ec8 204 2.675 ms - - {} - -
GET /api/persons 200 2.362 ms - 193 {} - -
GET /api/persons 200 2.150 ms - 193 {} - -
GET /api/persons 200 2.015 ms - 193 {} - -
GET /api/persons 200 2.229 ms - 193 {} - -
GET /api/persons 200 3.406 ms - 193 {} - -
GET /api/persons 200 2.446 ms - 193 {} - -
DELETE /api/persons/617684e4dde9aeb231dd3180 204 3.162 ms - - {} - -
GET /api/persons 200 3.315 ms - 130 {} - -
GET /api/persons 200 3.537 ms - 130 {} - -
DELETE /api/persons/617686040eb03d63bc0ce867 204 3.204 ms - - {} - -
DELETE /api/persons/617680d485e36a943476ddee 204 3.599 ms - - {} - -
POST /api/persons 200 2.281 ms - 61 {"name":"Diego","number":"123"} - 31
POST /api/persons 200 2.327 ms - 65 {"name":"Megan","number":"1233333"} - 35
POST /api/persons 200 2.339 ms - 69 {"name":"Agatha","number":"1233345678"} - 39
POST /api/persons 200 2.319 ms - 69 {"name":"Kaiden","number":"1236785434"} - 39
POST /api/persons 200 2.258 ms - 60 {"name":"Borrar","number":"1"} - 30
GET /api/persons 200 2.829 ms - 330 {} - -
DELETE /api/persons/617946d2f6b8067034ac0ddd 204 4.051 ms - - {} - -
PUT /api/persons/617946b8f6b8067034ac0dd5 500 1.404 ms - 1507 {"name":"Diego","number":"1234"} - 32
GET /api/persons 200 17.577 ms - 269 {} - -
PUT /api/persons/617946b8f6b8067034ac0dd5 200 6.835 ms - 62 {"name":"Diego","number":"1234"} - 32
PUT /api/persons/617946bcf6b8067034ac0dd7 200 3.177 ms - 59 {"name":"Megan","number":"1"} - 29
PUT /api/persons/617946c2f6b8067034ac0dd9 200 2.368 ms - 60 {"name":"Agatha","number":"1"} - 30
PUT /api/persons/617946c6f6b8067034ac0ddb 200 2.334 ms - 60 {"name":"Kaiden","number":"7"} - 30
PUT /api/persons/617946b8f6b8067034ac0dd5 200 2.424 ms - 59 {"name":"Diego","number":"7"} - 29
GET /persons/1 404 2.242 ms - 28 {} - -
GET /favicon.ico 404 0.411 ms - 28 {} - -
GET /persons/617946b8f6b8067034ac0dd5 404 0.205 ms - 28 {} - -
GET /api/persons/617946b8f6b8067034ac0dd5 200 12.596 ms - 59 {} - -
GET /api/persons/617946b8f6b8067034ac0dd5 304 14.525 ms - - {} - -
GET /api/persons/617946b8f6b8067034ac0dd5s 400 2.343 ms - 27 {} - -
GET /api/persons 200 150.234 ms - 2 {} - -
GET /api/persons 200 147.541 ms - 2 {} - -
GET /api/persons 200 155.914 ms - 2 {} - -
GET /api/persons 200 147.365 ms - 2 {} - -
GET /api/persons 200 156.023 ms - 2 {} - -
GET /api/persons 200 149.580 ms - 2 {} - -
GET /api/persons 200 179.482 ms - 2 {} - -
GET /api/persons 200 15.470 ms - 243 {} - -
GET /api/persons 200 4.103 ms - 243 {} - -
POST /api/persons 200 11.386 ms - 61 {"name":"diego","number":"123"} - 31
POST /api/persons 200 2.414 ms - 55 {"name":"d","number":"1"} - 25
GET /api/persons 200 4.711 ms - 361 {} - -
GET /api/persons 200 180.464 ms - 2 {} - -
GET /api/persons 200 148.456 ms - 2 {} - -
POST /api/persons 200 159.086 ms - 63 {"name":"diego","number":"12345"} - 33
POST /api/persons 200 143.478 ms - 57 {"name":"d","number":"123"} - 27
GET /api/persons 200 143.180 ms - 123 {} - -
GET /favicon.ico 404 0.471 ms - 28 {} - -
GET /api/persons 200 1028.106 ms - 123 {} - -
POST /api/persons 200 152.497 ms - 61 {"name":"marta","number":"123"} - 31
GET /api/persons 200 144.259 ms - 185 {} - -
PUT /api/persons/617af21849deee5ffa4f4495 200 891.913 ms - 63 {"name":"diego","number":"12345"} - 33
GET /api/persons 200 138.701 ms - 185 {} - -
POST /api/persons 200 142.186 ms - 61 {"name":"diego","number":"777"} - 44
GET /api/persons 200 140.065 ms - 247 {} - -
POST /api/persons 200 306.309 ms - 61 {"name":"diego","number":"777"} - 44
GET /api/persons 200 145.067 ms - 309 {} - -
GET /api/persons 200 152.944 ms - 309 {} - -
DELETE /api/persons/617bbd0e2dde1f44910f01d5 204 147.779 ms - - {} - -
GET /api/persons 200 141.796 ms - 247 {} - -
POST /api/persons 500 861.008 ms - 711 {"name":"diego","number":"888"} - 44
GET /api/persons 200 139.504 ms - 247 {} - -
POST /api/persons 500 145.746 ms - 711 {"name":"diego","number":"888"} - 44
POST /api/persons 200 1018.992 ms - 64 {"name":"die","number":"12345678"} - 47
POST /api/persons 500 154.322 ms - 726 {"name":"lo","number":"12345678"} - 46
POST /api/persons 200 1693.591 ms - 64 {"name":"lol","number":"12345678"} - 47
POST /api/persons 500 146.649 ms - 709 {"name":"lol","number":"12345678"} - 47
POST /api/persons 200 289.687 ms - 65 {"name":"lolo","number":"12345678"} - 48
POST /api/persons 500 146.437 ms - 710 {"name":"lolo","number":"1234567"} - 47
GET /api/persons 200 144.994 ms - 443 {} - -
PUT /api/persons/617af21c49deee5ffa4f4497 200 149.201 ms - 62 {"name":"d","number":"12345678"} - 32
POST /api/persons 500 139.512 ms - 726 {"name":"as","number":"1234567890"} - 35
GET /api/persons 200 141.160 ms - 448 {} - -
POST /api/persons 500 139.859 ms - 726 {"name":"aa","number":"1234567890"} - 35
GET /api/persons 200 154.274 ms - 448 {} - -
DELETE /api/persons/617af21c49deee5ffa4f4497 204 145.639 ms - - {} - -
DELETE /api/persons/617bbf2db3ec5dda482ccc40 204 144.999 ms - - {} - -
POST /api/persons 500 151.465 ms - 725 {"name":"d","number":"123"} - 27
GET /api/persons 200 146.258 ms - 320 {} - -
GET /api/persons 200 139.543 ms - 320 {} - -
POST /api/persons 500 153.267 ms - 725 {"name":"d","number":"123"} - 27
GET /api/persons 200 141.184 ms - 320 {} - -
GET /api/persons 200 144.675 ms - 320 {} - -
POST /api/persons 500 140.794 ms - 725 {"name":"d","number":"123"} - 27
GET /api/persons 200 141.394 ms - 320 {} - -
POST /api/persons 500 187.969 ms - 725 {"name":"d","number":"123456789"} - 33
GET /api/persons 200 139.320 ms - 320 {} - -
GET /api/persons 200 140.000 ms - 320 {} - -
POST /api/persons 500 140.425 ms - 725 {"name":"d","number":"123"} - 27
GET /api/persons 200 141.580 ms - 320 {} - -
GET /api/persons 200 139.013 ms - 320 {} - -
GET /api/persons 200 139.308 ms - 320 {} - -
GET /api/persons 200 141.673 ms - 320 {} - -
POST /api/persons 500 139.682 ms - 725 {"name":"d","number":"123"} - 27
GET /api/persons 200 141.076 ms - 320 {} - -
GET /api/persons 200 139.965 ms - 320 {} - -
POST /api/persons 200 1247.525 ms - 65 {"name":"123","number":"323123123"} - 35
PUT /api/persons/617bc34287c86819a55d9918 200 150.462 ms - 58 {"name":"123","number":"12"} - 28
PUT /api/persons/617bbf50232c6b2ac0c0d200 200 153.200 ms - 59 {"name":"lol","number":"123"} - 29
POST /api/persons 200 290.963 ms - 61 {"name":"asd","number":"12345"} - 31
GET /api/persons 200 150.614 ms - 436 {} - -
POST /api/persons 500 141.305 ms - 726 {"name":"as","number":"123"} - 28
GET /api/persons 200 1235.302 ms - 436 {} - -
POST /api/persons 500 198.835 ms - 725 {"name":"d","number":"123"} - 27
GET /api/persons 200 447.447 ms - 436 {} - -
GET /api/persons 200 200.999 ms - 436 {} - -
POST /api/persons 500 179.677 ms - 725 {"name":"d","number":"123"} - 27
POST /api/persons 500 215.306 ms - 725 {"name":"d","number":"123"} - 27
POST /api/persons 500 205.775 ms - 725 {"name":"d","number":"123"} - 27
POST /api/persons 500 189.343 ms - 725 {"name":"d","number":"123"} - 27
GET /api/persons 200 212.527 ms - 436 {} - -
POST /api/persons 500 289.667 ms - 725 {"name":"d","number":"123"} - 27
POST /api/persons 500 211.051 ms - 725 {"name":"d","number":"123"} - 27
GET /api/persons 200 205.658 ms - 436 {} - -
POST /api/persons 500 183.663 ms - 725 {"name":"d","number":"123"} - 27
POST /api/persons 500 184.809 ms - 725 {"name":"d","number":"123"} - 27
POST /api/persons 500 270.388 ms - 725 {"name":"d","number":"123"} - 27
GET /api/persons 200 285.525 ms - 436 {} - -
POST /api/persons 500 318.543 ms - 725 {"name":"d","number":"123"} - 27
GET /api/persons 304 153.653 ms - - {} - -
POST /api/persons 500 152.788 ms - 726 {"name":"12","number":"21"} - 27
GET /api/persons 200 144.328 ms - 436 {} - -
POST /api/persons 500 141.514 ms - 726 {"name":"as","number":"123123123123"} - 37
DELETE /api/persons/617bc35587c86819a55d991e 204 148.250 ms - - {} - -
DELETE /api/persons/617bbf5a232c6b2ac0c0d207 204 143.209 ms - - {} - -
DELETE /api/persons/617bbf50232c6b2ac0c0d200 204 150.193 ms - - {} - -
PUT /api/persons/617af21849deee5ffa4f4495 200 152.818 ms - 61 {"name":"diego","number":"123"} - 31
GET /api/persons 200 140.500 ms - 246 {} - -
PUT /api/persons/617af21849deee5ffa4f4495 200 140.209 ms - 61 {"name":"diego","number":"123"} - 31
DELETE /api/persons/617af21849deee5ffa4f4495 204 154.363 ms - - {} - -
DELETE /api/persons/617bb83b49deee5ffa4f449b 204 142.709 ms - - {} - -
DELETE /api/persons/617bba6c49deee5ffa4f44a0 204 145.164 ms - - {} - -
DELETE /api/persons/617bc34287c86819a55d9918 204 153.778 ms - - {} - -
GET /api/persons 200 144.528 ms - 2 {} - -
POST /api/persons 200 1536.120 ms - 61 {"name":"diego","number":"123"} - 31
GET /api/persons 200 138.251 ms - 63 {} - -
GET /api/persons 304 149.994 ms - - {} - -
GET /favicon.ico 404 0.282 ms - 28 {} - -
POST /api/persons 200 293.078 ms - 64 {"name":"lolo","number":"1234567"} - 47
POST /api/persons 500 140.453 ms - 726 {"name":"lo","number":"1234567"} - 45
POST /api/persons 200 283.984 ms - 62 {"name":"lol","number":"123567"} - 45
GET /api/persons 200 3670.857 ms - 191 {} - -
POST /api/persons 200 301.756 ms - 63 {"name":"diego2","number":"1123"} - 33
GET /api/persons 200 139.846 ms - 255 {} - -
GET /api/persons - - ms - - {} - -
GET / 200 2.153 ms - 18 {} - -
GET /favicon.ico 404 0.658 ms - 28 {} - -
GET / 304 0.523 ms - - {} - -
GET / 200 0.194 ms - 18 {} - -
GET /api/persons - - ms - - {} - -
GET /api/persons 200 13.722 ms - 361 {} - -
DELETE /api/persons/617af1363d359e9c178d92d1 204 11.657 ms - - {} - -
GET /api/persons 200 14.327 ms - 305 {} - -
